<?xml version="1.0" encoding="utf-8"?><testsuites name="pytest tests"><testsuite name="pytest" errors="0" failures="0" skipped="0" tests="19" time="12.570" timestamp="2026-03-17T17:54:21.865961+00:00" hostname="agent-env-05ab890b-37ef-41a4-bd61-9ca519a35fa4"><testcase classname="backend.tests.test_cgr_bank.TestAuthentication" name="test_login_owner1_gaet" time="0.402" /><testcase classname="backend.tests.test_cgr_bank.TestAuthentication" name="test_login_owner2_romain" time="0.380" /><testcase classname="backend.tests.test_cgr_bank.TestAuthentication" name="test_login_owner3_clement" time="0.356" /><testcase classname="backend.tests.test_cgr_bank.TestAuthentication" name="test_login_invalid_credentials" time="0.109" /><testcase classname="backend.tests.test_cgr_bank.TestAuthentication" name="test_auth_me_endpoint" time="0.505" /><testcase classname="backend.tests.test_cgr_bank.TestDashboard" name="test_dashboard_stats" time="0.168" /><testcase classname="backend.tests.test_cgr_bank.TestDashboard" name="test_dashboard_stats_all_owners_see_same_data" time="1.670" /><testcase classname="backend.tests.test_cgr_bank.TestBanks" name="test_get_banks" time="0.114" /><testcase classname="backend.tests.test_cgr_bank.TestBanks" name="test_import_all_banks_no_500" time="1.197" /><testcase classname="backend.tests.test_cgr_bank.TestTenants" name="test_get_tenants" time="0.131" /><testcase classname="backend.tests.test_cgr_bank.TestPaymentsAndReports" name="test_payments_stats_by_structure" time="0.178" /><testcase classname="backend.tests.test_cgr_bank.TestPaymentsAndReports" name="test_payments_monthly_status" time="0.142" /><testcase classname="backend.tests.test_cgr_bank.TestPaymentsAndReports" name="test_get_payments" time="0.128" /><testcase classname="backend.tests.test_cgr_bank.TestAdminSync" name="test_admin_full_sync_endpoint_existence" time="0.156" /><testcase classname="backend.tests.test_cgr_bank.TestAdminSync" name="test_admin_run_sync_endpoint" time="4.176" /><testcase classname="backend.tests.test_cgr_bank.TestAdminSync" name="test_sync_manual_endpoint" time="1.229" /><testcase classname="backend.tests.test_cgr_bank.TestAdminSync" name="test_banking_connected_banks" time="0.157" /><testcase classname="backend.tests.test_cgr_bank.TestAdminSync" name="test_transactions_list" time="0.132" /><testcase classname="backend.tests.test_cgr_bank.TestNo500Errors" name="test_critical_endpoints_no_500" time="1.161" /></testsuite></testsuites>